Code quality checks	Run mypy type checker	ï»¿2025-06-24T22:26:17.5907222Z ##[group]Run echo "Running mypy type checker..."
Code quality checks	Run mypy type checker	2025-06-24T22:26:17.5907589Z [36;1mecho "Running mypy type checker..."[0m
Code quality checks	Run mypy type checker	2025-06-24T22:26:17.5907966Z [36;1muv run pre-commit run mypy --all-files --show-diff-on-failure[0m
Code quality checks	Run mypy type checker	2025-06-24T22:26:17.5957130Z shell: /usr/bin/bash -e {0}
Code quality checks	Run mypy type checker	2025-06-24T22:26:17.5957363Z env:
Code quality checks	Run mypy type checker	2025-06-24T22:26:17.5957588Z   UV_CACHE_DIR: /home/runner/work/_temp/setup-uv-cache
Code quality checks	Run mypy type checker	2025-06-24T22:26:17.5957882Z ##[endgroup]
Code quality checks	Run mypy type checker	2025-06-24T22:26:17.6024121Z Running mypy type checker...
Code quality checks	Run mypy type checker	2025-06-24T22:26:17.7391366Z [INFO] Installing environment for https://github.com/pre-commit/mirrors-mypy.
Code quality checks	Run mypy type checker	2025-06-24T22:26:17.7392246Z [INFO] Once installed this environment will be reused.
Code quality checks	Run mypy type checker	2025-06-24T22:26:17.7392746Z [INFO] This may take a few minutes...
Code quality checks	Run mypy type checker	2025-06-24T22:26:27.2499902Z mypy.....................................................................Failed
Code quality checks	Run mypy type checker	2025-06-24T22:26:27.2500542Z - hook id: mypy
Code quality checks	Run mypy type checker	2025-06-24T22:26:27.2500884Z - exit code: 1
Code quality checks	Run mypy type checker	2025-06-24T22:26:27.2501073Z
Code quality checks	Run mypy type checker	2025-06-24T22:26:27.2501838Z examples/workspace-demo/packages/experimental/experimental/benchmark.py:28: error: Call to untyped function (unknown) in typed context  [no-untyped-call]
Code quality checks	Run mypy type checker	2025-06-24T22:26:27.2503448Z src/DHT/modules/uv_manager_script.py:33: error: Function is missing a type annotation for one or more arguments  [no-untyped-def]
Code quality checks	Run mypy type checker	2025-06-24T22:26:27.2505019Z src/DHT/modules/environment_verification_utils.py:55: error: Incompatible types in assignment (expression has type "Logger", variable has type "None")  [assignment]
Code quality checks	Run mypy type checker	2025-06-24T22:26:27.2507247Z src/DHT/modules/environment_verification_utils.py:102: error: "_get_logger" of "EnvironmentVerificationUtils" does not return a value (it only ever returns None)  [func-returns-value]
Code quality checks	Run mypy type checker	2025-06-24T22:26:27.2509214Z src/DHT/modules/environment_verification_utils.py:171: error: "_get_logger" of "EnvironmentVerificationUtils" does not return a value (it only ever returns None)  [func-returns-value]
Code quality checks	Run mypy type checker	2025-06-24T22:26:27.2511035Z src/DHT/modules/build_command_universal.py:42: error: Returning Any from function declared to return "dict[str, Any]"  [no-any-return]
Code quality checks	Run mypy type checker	2025-06-24T22:26:27.2511944Z src/DHT/modules/build_command_universal.py:157: error: Incompatible types in assignment (expression has type "Path", variable has type "str")  [assignment]
Code quality checks	Run mypy type checker	2025-06-24T22:26:27.2512729Z src/DHT/modules/build_command_universal.py:159: error: "str" has no attribute "name"  [attr-defined]
Code quality checks	Run mypy type checker	2025-06-24T22:26:27.2513316Z src/DHT/modules/act_linter.py:48: error: Need type annotation for "result"  [var-annotated]
Code quality checks	Run mypy type checker	2025-06-24T22:26:27.2513919Z src/DHT/modules/act_linter.py:58: error: Item "bool" of "list[Any] | bool | str" has no attribute "append"  [union-attr]
Code quality checks	Run mypy type checker	2025-06-24T22:26:27.2514558Z src/DHT/modules/act_linter.py:58: error: Item "str" of "list[Any] | bool | str" has no attribute "append"  [union-attr]
Code quality checks	Run mypy type checker	2025-06-24T22:26:27.2515211Z src/DHT/modules/act_linter.py:64: error: Item "bool" of "list[Any] | bool | str" has no attribute "append"  [union-attr]
Code quality checks	Run mypy type checker	2025-06-24T22:26:27.2515840Z src/DHT/modules/act_linter.py:64: error: Item "str" of "list[Any] | bool | str" has no attribute "append"  [union-attr]
Code quality checks	Run mypy type checker	2025-06-24T22:26:27.2516482Z src/DHT/modules/act_linter.py:70: error: Item "bool" of "list[Any] | bool | str" has no attribute "append"  [union-attr]
Code quality checks	Run mypy type checker	2025-06-24T22:26:27.2517115Z src/DHT/modules/act_linter.py:70: error: Item "str" of "list[Any] | bool | str" has no attribute "append"  [union-attr]
Code quality checks	Run mypy type checker	2025-06-24T22:26:27.2517873Z src/DHT/modules/act_container_manager.py:86: error: No overload variant of "run" matches argument types "list[str]", "bool", "bool"  [call-overload]
Code quality checks	Run mypy type checker	2025-06-24T22:26:27.2518548Z src/DHT/modules/act_container_manager.py:86: note: Possible overload variants:
Code quality checks	Run mypy type checker	2025-06-24T22:26:27.2521828Z src/DHT/modules/act_container_manager.py:86: note:     def run(args: str | bytes | PathLike[str] | PathLike[bytes] | Sequence[str | bytes | PathLike[str] | PathLike[bytes]], bufsize: int = ..., executable: str | bytes | PathLike[str] | PathLike[bytes] | None = ..., stdin: int | IO[Any] | None = ..., stdout: int | IO[Any] | None = ..., stderr: int | IO[Any] | None = ..., preexec_fn: Callable[[], Any] | None = ..., close_fds: bool = ..., shell: bool = ..., cwd: str | bytes | PathLike[str] | PathLike[bytes] | None = ..., env: Mapping[bytes, str | bytes | PathLike[str] | PathLike[bytes]] | Mapping[str, str | bytes | PathLike[str] | PathLike[bytes]] | None = ..., universal_newlines: bool | None = ..., startupinfo: Any = ..., creationflags: int = ..., restore_signals: bool = ..., start_new_session: bool = ..., pass_fds: Collection[int] = ..., *, capture_output: bool = ..., check: bool = ..., encoding: str | None = ..., errors: str | None = ..., input: str | None = ..., text: Literal[True], timeout: float | None = ..., user: str | int | None = ..., group: str | int | None = ..., extra_groups: Iterable[str | int] | None = ..., umask: int = ..., pipesize: int = ...) -> CompletedProcess[str]
Code quality checks	Run mypy type checker	2025-06-24T22:26:27.2527767Z src/DHT/modules/act_container_manager.py:86: note:     def run(args: str | bytes | PathLike[str] | PathLike[bytes] | Sequence[str | bytes | PathLike[str] | PathLike[bytes]], bufsize: int = ..., executable: str | bytes | PathLike[str] | PathLike[bytes] | None = ..., stdin: int | IO[Any] | None = ..., stdout: int | IO[Any] | None = ..., stderr: int | IO[Any] | None = ..., preexec_fn: Callable[[], Any] | None = ..., close_fds: bool = ..., shell: bool = ..., cwd: str | bytes | PathLike[str] | PathLike[bytes] | None = ..., env: Mapping[bytes, str | bytes | PathLike[str] | PathLike[bytes]] | Mapping[str, str | bytes | PathLike[str] | PathLike[bytes]] | None = ..., universal_newlines: bool | None = ..., startupinfo: Any = ..., creationflags: int = ..., restore_signals: bool = ..., start_new_session: bool = ..., pass_fds: Collection[int] = ..., *, capture_output: bool = ..., check: bool = ..., encoding: str, errors: str | None = ..., input: str | None = ..., text: bool | None = ..., timeout: float | None = ..., user: str | int | None = ..., group: str | int | None = ..., extra_groups: Iterable[str | int] | None = ..., umask: int = ..., pipesize: int = ...) -> CompletedProcess[str]
Code quality checks	Run mypy type checker	2025-06-24T22:26:27.2534608Z src/DHT/modules/act_container_manager.py:86: note:     def run(args: str | bytes | PathLike[str] | PathLike[bytes] | Sequence[str | bytes | PathLike[str] | PathLike[bytes]], bufsize: int = ..., executable: str | bytes | PathLike[str] | PathLike[bytes] | None = ..., stdin: int | IO[Any] | None = ..., stdout: int | IO[Any] | None = ..., stderr: int | IO[Any] | None = ..., preexec_fn: Callable[[], Any] | None = ..., close_fds: bool = ..., shell: bool = ..., cwd: str | bytes | PathLike[str] | PathLike[bytes] | None = ..., env: Mapping[bytes, str | bytes | PathLike[str] | PathLike[bytes]] | Mapping[str, str | bytes | PathLike[str] | PathLike[bytes]] | None = ..., universal_newlines: bool | None = ..., startupinfo: Any = ..., creationflags: int = ..., restore_signals: bool = ..., start_new_session: bool = ..., pass_fds: Collection[int] = ..., *, capture_output: bool = ..., check: bool = ..., encoding: str | None = ..., errors: str, input: str | None = ..., text: bool | None = ..., timeout: float | None = ..., user: str | int | None = ..., group: str | int | None = ..., extra_groups: Iterable[str | int] | None = ..., umask: int = ..., pipesize: int = ...) -> CompletedProcess[str]
Code quality checks	Run mypy type checker	2025-06-24T22:26:27.2540355Z src/DHT/modules/act_container_manager.py:86: note:     def run(args: str | bytes | PathLike[str] | PathLike[bytes] | Sequence[str | bytes | PathLike[str] | PathLike[bytes]], bufsize: int = ..., executable: str | bytes | PathLike[str] | PathLike[bytes] | None = ..., stdin: int | IO[Any] | None = ..., stdout: int | IO[Any] | None = ..., stderr: int | IO[Any] | None = ..., preexec_fn: Callable[[], Any] | None = ..., close_fds: bool = ..., shell: bool = ..., cwd: str | bytes | PathLike[str] | PathLike[bytes] | None = ..., env: Mapping[bytes, str | bytes | PathLike[str] | PathLike[bytes]] | Mapping[str, str | bytes | PathLike[str] | PathLike[bytes]] | None = ..., *, universal_newlines: Literal[True], startupinfo: Any = ..., creationflags: int = ..., restore_signals: bool = ..., start_new_session: bool = ..., pass_fds: Collection[int] = ..., capture_output: bool = ..., check: bool = ..., encoding: str | None = ..., errors: str | None = ..., input: str | None = ..., text: bool | None = ..., timeout: float | None = ..., user: str | int | None = ..., group: str | int | None = ..., extra_groups: Iterable[str | int] | None = ..., umask: int = ..., pipesize: int = ...) -> CompletedProcess[str]
Code quality checks	Run mypy type checker	2025-06-24T22:26:27.2546119Z src/DHT/modules/act_container_manager.py:86: note:     def run(args: str | bytes | PathLike[str] | PathLike[bytes] | Sequence[str | bytes | PathLike[str] | PathLike[bytes]], bufsize: int = ..., executable: str | bytes | PathLike[str] | PathLike[bytes] | None = ..., stdin: int | IO[Any] | None = ..., stdout: int | IO[Any] | None = ..., stderr: int | IO[Any] | None = ..., preexec_fn: Callable[[], Any] | None = ..., close_fds: bool = ..., shell: bool = ..., cwd: str | bytes | PathLike[str] | PathLike[bytes] | None = ..., env: Mapping[bytes, str | bytes | PathLike[str] | PathLike[bytes]] | Mapping[str, str | bytes | PathLike[str] | PathLike[bytes]] | None = ..., universal_newlines: Literal[False] | None = ..., startupinfo: Any = ..., creationflags: int = ..., restore_signals: bool = ..., start_new_session: bool = ..., pass_fds: Collection[int] = ..., *, capture_output: bool = ..., check: bool = ..., encoding: None = ..., errors: None = ..., input: Buffer | None = ..., text: Literal[False] | None = ..., timeout: float | None = ..., user: str | int | None = ..., group: str | int | None = ..., extra_groups: Iterable[str | int] | None = ..., umask: int = ..., pipesize: int = ...) -> CompletedProcess[bytes]
Code quality checks	Run mypy type checker	2025-06-24T22:26:27.2552016Z src/DHT/modules/act_container_manager.py:86: note:     def run(args: str | bytes | PathLike[str] | PathLike[bytes] | Sequence[str | bytes | PathLike[str] | PathLike[bytes]], bufsize: int = ..., executable: str | bytes | PathLike[str] | PathLike[bytes] | None = ..., stdin: int | IO[Any] | None = ..., stdout: int | IO[Any] | None = ..., stderr: int | IO[Any] | None = ..., preexec_fn: Callable[[], Any] | None = ..., close_fds: bool = ..., shell: bool = ..., cwd: str | bytes | PathLike[str] | PathLike[bytes] | None = ..., env: Mapping[bytes, str | bytes | PathLike[str] | PathLike[bytes]] | Mapping[str, str | bytes | PathLike[str] | PathLike[bytes]] | None = ..., universal_newlines: bool | None = ..., startupinfo: Any = ..., creationflags: int = ..., restore_signals: bool = ..., start_new_session: bool = ..., pass_fds: Collection[int] = ..., *, capture_output: bool = ..., check: bool = ..., encoding: str | None = ..., errors: str | None = ..., input: Buffer | str | None = ..., text: bool | None = ..., timeout: float | None = ..., user: str | int | None = ..., group: str | int | None = ..., extra_groups: Iterable[str | int] | None = ..., umask: int = ..., pipesize: int = ...) -> CompletedProcess[Any]
Code quality checks	Run mypy type checker	2025-06-24T22:26:27.2555239Z src/DHT/modules/act_container_manager.py:155: error: Missing type parameters for generic type "CompletedProcess"  [type-arg]
Code quality checks	Run mypy type checker	2025-06-24T22:26:27.2555901Z dhtl_entry_windows.py:31: error: Function is missing a return type annotation  [no-untyped-def]
Code quality checks	Run mypy type checker	2025-06-24T22:26:27.2556437Z dhtl_entry_windows.py:69: error: Function is missing a return type annotation  [no-untyped-def]
Code quality checks	Run mypy type checker	2025-06-24T22:26:27.2556963Z dhtl_entry_windows.py:96: error: Function is missing a return type annotation  [no-untyped-def]
Code quality checks	Run mypy type checker	2025-06-24T22:26:27.2557562Z dhtl_entry_windows.py:99: error: Call to untyped function "find_python_launcher" in typed context  [no-untyped-call]
Code quality checks	Run mypy type checker	2025-06-24T22:26:27.2558225Z dhtl_entry_windows.py:124: error: Call to untyped function "get_python_executable" in typed context  [no-untyped-call]
Code quality checks	Run mypy type checker	2025-06-24T22:26:27.2558829Z dhtl_entry_windows.py:154: error: Call to untyped function "main" in typed context  [no-untyped-call]
Code quality checks	Run mypy type checker	2025-06-24T22:26:27.2559537Z dhtl_entry.py:30: error: Function is missing a return type annotation  [no-untyped-def]
Code quality checks	Run mypy type checker	2025-06-24T22:26:27.2560026Z dhtl_entry.py:59: error: Function is missing a return type annotation  [no-untyped-def]
Code quality checks	Run mypy type checker	2025-06-24T22:26:27.2560649Z dhtl_entry.py:73: error: Function is missing a return type annotation  [no-untyped-def]
Code quality checks	Run mypy type checker	2025-06-24T22:26:27.2561183Z dhtl_entry.py:76: error: Call to untyped function "find_python_launcher" in typed context  [no-untyped-call]
Code quality checks	Run mypy type checker	2025-06-24T22:26:27.2561789Z dhtl_entry.py:100: error: Call to untyped function "get_python_executable" in typed context  [no-untyped-call]
Code quality checks	Run mypy type checker	2025-06-24T22:26:27.2562377Z dhtl_entry.py:124: error: Call to untyped function "main" in typed context  [no-untyped-call]
Code quality checks	Run mypy type checker	2025-06-24T22:26:27.2563011Z src/DHT/modules/uv_pip_tasks.py:34: error: Untyped decorator makes function "pip_install_requirements" untyped  [misc]
Code quality checks	Run mypy type checker	2025-06-24T22:26:27.2563697Z src/DHT/modules/uv_pip_tasks.py:73: error: Untyped decorator makes function "pip_install_project" untyped  [misc]
Code quality checks	Run mypy type checker	2025-06-24T22:26:27.2564415Z src/DHT/modules/uv_manager_utils.py:70: error: Function is missing a type annotation for one or more arguments  [no-untyped-def]
Code quality checks	Run mypy type checker	2025-06-24T22:26:27.2565179Z src/DHT/modules/uv_manager_utils.py:124: error: Returning Any from function declared to return "dict[str, Any]"  [no-any-return]
Code quality checks	Run mypy type checker	2025-06-24T22:26:27.2583630Z src/DHT/modules/uv_manager_utils.py:190: error: Returning Any from function declared to return "dict[str, Any]"  [no-any-return]
Code quality checks	Run mypy type checker	2025-06-24T22:26:27.2584987Z src/DHT/modules/uv_manager_improvements.py:22: error: Class cannot subclass "UVManager" (has type "Any")  [misc]
Code quality checks	Run mypy type checker	2025-06-24T22:26:27.2586636Z src/DHT/modules/uv_manager_improvements.py:42: error: Unused "type: ignore[import-not-found, no-redef]" comment  [unused-ignore]
Code quality checks	Run mypy type checker	2025-06-24T22:26:27.2587427Z src/DHT/modules/project_file_generators.py:325: error: Value of type "Collection[str]" is not indexable  [index]
Code quality checks	Run mypy type checker	2025-06-24T22:26:27.2588096Z src/DHT/modules/project_file_generators.py:328: error: Value of type "Collection[str]" is not indexable  [index]
Code quality checks	Run mypy type checker	2025-06-24T22:26:27.2588771Z src/DHT/modules/project_file_generators.py:337: error: Value of type "Collection[str]" is not indexable  [index]
Code quality checks	Run mypy type checker	2025-06-24T22:26:27.2589668Z src/DHT/modules/parsers/base_parser.py:23: error: Unused "type: ignore" comment  [unused-ignore]
Code quality checks	Run mypy type checker	2025-06-24T22:26:27.2590442Z src/DHT/modules/parsers/base_parser.py:25: error: Incompatible types in assignment (expression has type "None", variable has type Module)  [assignment]
Code quality checks	Run mypy type checker	2025-06-24T22:26:27.2591217Z src/DHT/modules/parsers/base_parser.py:283: error: Unused "type: ignore" comment  [unused-ignore]
Code quality checks	Run mypy type checker	2025-06-24T22:26:27.2591996Z src/DHT/modules/environment_capture_utils.py:54: error: Incompatible types in assignment (expression has type "Logger", variable has type "None")  [assignment]
Code quality checks	Run mypy type checker	2025-06-24T22:26:27.2592988Z src/DHT/modules/environment_capture_utils.py:79: error: "_get_logger" of "EnvironmentCaptureUtils" does not return a value (it only ever returns None)  [func-returns-value]
Code quality checks	Run mypy type checker	2025-06-24T22:26:27.2593857Z src/DHT/modules/environment_analyzer.py:197: error: Need type annotation for "requirements"  [var-annotated]
Code quality checks	Run mypy type checker	2025-06-24T22:26:27.2594696Z src/DHT/modules/environment_analyzer.py:236: error: Incompatible types in assignment (expression has type "str", target has type "list[Any] | None")  [assignment]
Code quality checks	Run mypy type checker	2025-06-24T22:26:27.2595694Z src/DHT/modules/dockerfile_generator.py:175: error: Argument 1 to "_get_system_deps" of "DockerfileGenerator" has incompatible type "object"; expected "list[str]"  [arg-type]
Code quality checks	Run mypy type checker	2025-06-24T22:26:27.2596753Z src/DHT/modules/dockerfile_generator.py:179: error: Argument 2 to "_detect_ports" of "DockerfileGenerator" has incompatible type "object"; expected "str | None"  [arg-type]
Code quality checks	Run mypy type checker	2025-06-24T22:26:27.2597666Z src/DHT/modules/dockerfile_generator.py:470: error: Untyped decorator makes function "generate_dockerfile" untyped  [misc]
Code quality checks	Run mypy type checker	2025-06-24T22:26:27.2598451Z src/DHT/modules/dhtl_commands_init.py:136: error: Returning Any from function declared to return "dict[str, Any]"  [no-any-return]
Code quality checks	Run mypy type checker	2025-06-24T22:26:27.2599115Z src/DHT/modules/dhtconfig_models.py:27: error: Unused "type: ignore" comment  [unused-ignore]
Code quality checks	Run mypy type checker	2025-06-24T22:26:27.2599993Z src/DHT/modules/dhtconfig_models.py:93: error: Returning Any from function declared to return "dict[str, Any] | None"  [no-any-return]
Code quality checks	Run mypy type checker	2025-06-24T22:26:27.2600859Z src/DHT/modules/dhtconfig_io_utils.py:30: error: Unused "type: ignore" comment  [unused-ignore]
Code quality checks	Run mypy type checker	2025-06-24T22:26:27.2601506Z src/DHT/modules/dhtconfig_io_utils.py:57: error: Returning Any from function declared to return "Path"  [no-any-return]
Code quality checks	Run mypy type checker	2025-06-24T22:26:27.2602240Z src/DHT/modules/dhtconfig_io_utils.py:85: error: Returning Any from function declared to return "dict[str, Any]"  [no-any-return]
Code quality checks	Run mypy type checker	2025-06-24T22:26:27.2603001Z src/DHT/modules/dhtconfig_io_utils.py:91: error: Returning Any from function declared to return "dict[str, Any]"  [no-any-return]
Code quality checks	Run mypy type checker	2025-06-24T22:26:27.2603643Z src/DHT/modules/dhtconfig_cli.py:28: error: Unused "type: ignore" comment  [unused-ignore]
Code quality checks	Run mypy type checker	2025-06-24T22:26:27.2604203Z src/DHT/modules/container_test_runner.py:31: error: Unused "type: ignore" comment  [unused-ignore]
Code quality checks	Run mypy type checker	2025-06-24T22:26:27.2604845Z src/DHT/modules/container_test_runner.py:52: error: Untyped decorator makes function "run_all_tests" untyped  [misc]
Code quality checks	Run mypy type checker	2025-06-24T22:26:27.2605487Z src/DHT/modules/container_test_runner.py:79: error: Statement is unreachable  [unreachable]
Code quality checks	Run mypy type checker	2025-06-24T22:26:27.2606243Z src/DHT/modules/container_test_runner.py:84: error: Incompatible return value type (got "dict[TestFramework, Any]", expected "dict[str, Any]")  [return-value]
Code quality checks	Run mypy type checker	2025-06-24T22:26:27.2607167Z src/DHT/modules/container_test_runner.py:86: error: Untyped decorator makes function "run_pytest" untyped  [misc]
Code quality checks	Run mypy type checker	2025-06-24T22:26:27.2607864Z src/DHT/modules/container_test_runner.py:133: error: Untyped decorator makes function "run_playwright" untyped  [misc]
Code quality checks	Run mypy type checker	2025-06-24T22:26:27.2608577Z src/DHT/modules/container_test_runner.py:183: error: Untyped decorator makes function "run_puppeteer" untyped  [misc]
Code quality checks	Run mypy type checker	2025-06-24T22:26:27.2609391Z src/DHT/modules/container_test_runner.py:238: error: Unsupported left operand type for + ("object")  [operator]
Code quality checks	Run mypy type checker	2025-06-24T22:26:27.2610083Z src/DHT/modules/container_test_runner.py:249: error: Unsupported target for indexed assignment ("object")  [index]
Code quality checks	Run mypy type checker	2025-06-24T22:26:27.2610729Z src/DHT/modules/config_file_generators.py:27: error: Unused "type: ignore" comment  [unused-ignore]
Code quality checks	Run mypy type checker	2025-06-24T22:26:27.2611319Z src/DHT/modules/act_workflow_manager.py:22: error: Unused "type: ignore" comment  [unused-ignore]
Code quality checks	Run mypy type checker	2025-06-24T22:26:27.2611941Z src/DHT/modules/act_workflow_manager.py:100: error: Unsupported target for indexed assignment ("object")  [index]
Code quality checks	Run mypy type checker	2025-06-24T22:26:27.2612614Z src/DHT/modules/act_workflow_manager.py:102: error: Unsupported target for indexed assignment ("object")  [index]
Code quality checks	Run mypy type checker	2025-06-24T22:26:27.2613291Z src/DHT/modules/act_workflow_manager.py:107: error: Unsupported operand types for + ("object" and "int")  [operator]
Code quality checks	Run mypy type checker	2025-06-24T22:26:27.2614031Z src/DHT/modules/act_workflow_manager.py:118: error: Need type annotation for "events" (hint: "events: set[<type>] = ...")  [var-annotated]
Code quality checks	Run mypy type checker	2025-06-24T22:26:27.2614786Z src/DHT/modules/dhtl_test.py:32: error: Function is missing a type annotation for one or more arguments  [no-untyped-def]
Code quality checks	Run mypy type checker	2025-06-24T22:26:27.2615492Z src/DHT/modules/dhtl_test.py:120: error: Function is missing a type annotation for one or more arguments  [no-untyped-def]
Code quality checks	Run mypy type checker	2025-06-24T22:26:27.2616224Z src/DHT/modules/dhtl_guardian_command.py:41: error: Function is missing a type annotation for one or more arguments  [no-untyped-def]
Code quality checks	Run mypy type checker	2025-06-24T22:26:27.2617051Z src/DHT/modules/dhtl_guardian_command.py:54: error: Argument 1 to "guardian_run" has incompatible type "Sequence[Any]"; expected "list[str]"  [arg-type]
Code quality checks	Run mypy type checker	2025-06-24T22:26:27.2617931Z src/DHT/modules/dhtl_guardian_command.py:56: error: Argument 1 to "guardian_batch" has incompatible type "Sequence[Any]"; expected "list[str]"  [arg-type]
Code quality checks	Run mypy type checker	2025-06-24T22:26:27.2618824Z src/DHT/modules/dhtl_guardian_command.py:58: error: Argument 1 to "guardian_config" has incompatible type "Sequence[Any]"; expected "list[str]"  [arg-type]
Code quality checks	Run mypy type checker	2025-06-24T22:26:27.2619845Z src/DHT/modules/dhtl_guardian_command.py:60: error: Argument 1 to "guardian_status" has incompatible type "Sequence[Any]"; expected "list[str]"  [arg-type]
Code quality checks	Run mypy type checker	2025-06-24T22:26:27.2620814Z src/DHT/modules/dhtl_guardian_command.py:349: error: Function is missing a type annotation for one or more arguments  [no-untyped-def]
Code quality checks	Run mypy type checker	2025-06-24T22:26:27.2621607Z src/DHT/modules/dhtl_commands_standalone.py:32: error: Function is missing a type annotation for one or more arguments  [no-untyped-def]
Code quality checks	Run mypy type checker	2025-06-24T22:26:27.2622408Z src/DHT/modules/dhtl_commands_standalone.py:50: error: Function is missing a type annotation for one or more arguments  [no-untyped-def]
Code quality checks	Run mypy type checker	2025-06-24T22:26:27.2623230Z src/DHT/modules/dhtl_commands_standalone.py:54: error: "_normalize_args" does not return a value (it only ever returns None)  [func-returns-value]
Code quality checks	Run mypy type checker	2025-06-24T22:26:27.2624044Z src/DHT/modules/dhtl_commands_standalone.py:99: error: Function is missing a type annotation for one or more arguments  [no-untyped-def]
Code quality checks	Run mypy type checker	2025-06-24T22:26:27.2624862Z src/DHT/modules/dhtl_commands_standalone.py:103: error: "_normalize_args" does not return a value (it only ever returns None)  [func-returns-value]
Code quality checks	Run mypy type checker	2025-06-24T22:26:27.2625696Z src/DHT/modules/dhtl_commands_standalone.py:148: error: Function is missing a type annotation for one or more arguments  [no-untyped-def]
Code quality checks	Run mypy type checker	2025-06-24T22:26:27.2626520Z src/DHT/modules/dhtl_commands_standalone.py:152: error: "_normalize_args" does not return a value (it only ever returns None)  [func-returns-value]
Code quality checks	Run mypy type checker	2025-06-24T22:26:27.2627458Z src/DHT/modules/dhtl_commands_standalone.py:178: error: Function is missing a type annotation for one or more arguments  [no-untyped-def]
Code quality checks	Run mypy type checker	2025-06-24T22:26:27.2628270Z src/DHT/modules/dhtl_commands_standalone.py:182: error: "_normalize_args" does not return a value (it only ever returns None)  [func-returns-value]
Code quality checks	Run mypy type checker	2025-06-24T22:26:27.2629097Z src/DHT/modules/dhtl_commands_standalone.py:227: error: Function is missing a type annotation for one or more arguments  [no-untyped-def]
Code quality checks	Run mypy type checker	2025-06-24T22:26:27.2629978Z src/DHT/modules/dhtl_commands_7.py:30: error: Function is missing a type annotation for one or more arguments  [no-untyped-def]
Code quality checks	Run mypy type checker	2025-06-24T22:26:27.2630717Z src/DHT/modules/dhtl_commands_7.py:134: error: Function is missing a type annotation for one or more arguments  [no-untyped-def]
Code quality checks	Run mypy type checker	2025-06-24T22:26:27.2631442Z src/DHT/modules/dhtl_commands_5.py:30: error: Function is missing a type annotation for one or more arguments  [no-untyped-def]
Code quality checks	Run mypy type checker	2025-06-24T22:26:27.2632166Z src/DHT/modules/dhtl_commands_5.py:89: error: Function is missing a type annotation for one or more arguments  [no-untyped-def]
Code quality checks	Run mypy type checker	2025-06-24T22:26:27.2632876Z src/DHT/modules/dhtl_commands_2.py:30: error: Function is missing a type annotation for one or more arguments  [no-untyped-def]
Code quality checks	Run mypy type checker	2025-06-24T22:26:27.2633595Z src/DHT/modules/dhtl_commands_2.py:86: error: Function is missing a type annotation for one or more arguments  [no-untyped-def]
Code quality checks	Run mypy type checker	2025-06-24T22:26:27.2634308Z src/DHT/modules/dhtl_commands_1.py:32: error: Function is missing a type annotation for one or more arguments  [no-untyped-def]
Code quality checks	Run mypy type checker	2025-06-24T22:26:27.2635036Z src/DHT/modules/dhtl_commands_1.py:193: error: Function is missing a type annotation for one or more arguments  [no-untyped-def]
Code quality checks	Run mypy type checker	2025-06-24T22:26:27.2635892Z src/DHT/modules/dht_flows/test_flow.py:117: error: Argument 1 to "extend" of "list" has incompatible type "Generator[Path, None, None]"; expected "Iterable[str]"  [arg-type]
Code quality checks	Run mypy type checker	2025-06-24T22:26:27.2636851Z src/DHT/modules/dht_flows/test_flow.py:118: error: Argument 1 to "extend" of "list" has incompatible type "Generator[Path, None, None]"; expected "Iterable[str]"  [arg-type]
Code quality checks	Run mypy type checker	2025-06-24T22:26:27.2637749Z src/DHT/modules/dht_flows/test_flow.py:119: error: Argument 1 to "extend" of "list" has incompatible type "list[Path]"; expected "Iterable[str]"  [arg-type]
Code quality checks	Run mypy type checker	2025-06-24T22:26:27.2638663Z src/DHT/modules/command_dispatcher.py:265: error: Incompatible default for argument "args" (default has type "None", argument has type "list[str]")  [assignment]
Code quality checks	Run mypy type checker	2025-06-24T22:26:27.2639808Z src/DHT/modules/command_dispatcher.py:265: note: PEP 484 prohibits implicit Optional. Accordingly, mypy has changed its default to no_implicit_optional=True
Code quality checks	Run mypy type checker	2025-06-24T22:26:27.2640881Z src/DHT/modules/command_dispatcher.py:265: note: Use https://github.com/hauntsaninja/no_implicit_optional to automatically upgrade your codebase
Code quality checks	Run mypy type checker	2025-06-24T22:26:27.2641802Z src/DHT/modules/command_dispatcher.py:293: error: Incompatible default for argument "args" (default has type "None", argument has type "list[str]")  [assignment]
Code quality checks	Run mypy type checker	2025-06-24T22:26:27.2642742Z src/DHT/modules/command_dispatcher.py:293: note: PEP 484 prohibits implicit Optional. Accordingly, mypy has changed its default to no_implicit_optional=True
Code quality checks	Run mypy type checker	2025-06-24T22:26:27.2643660Z src/DHT/modules/command_dispatcher.py:293: note: Use https://github.com/hauntsaninja/no_implicit_optional to automatically upgrade your codebase
Code quality checks	Run mypy type checker	2025-06-24T22:26:27.2644387Z src/DHT/launcher.py:31: error: Name "Colors" already defined (possibly by an import)  [no-redef]
Code quality checks	Run mypy type checker	2025-06-24T22:26:27.2645003Z src/DHT/launcher.py:207: error: Name "CommandDispatcher" already defined (possibly by an import)  [no-redef]
Code quality checks	Run mypy type checker	2025-06-24T22:26:27.2645607Z src/DHT/dhtl.py:37: error: Name "DHTLauncher" already defined (possibly by an import)  [no-redef]
Code quality checks	Run mypy type checker	2025-06-24T22:26:27.2646195Z src/DHT/dhtl.py:43: error: Function is missing a type annotation for one or more arguments  [no-untyped-def]
Code quality checks	Run mypy type checker	2025-06-24T22:26:27.2646677Z Found 107 errors in 34 files (checked 209 source files)
Code quality checks	Run mypy type checker	2025-06-24T22:26:27.2646998Z
Code quality checks	Run mypy type checker	2025-06-24T22:26:27.2678104Z ##[error]Process completed with exit code 1.
